app/build/outputs/mapping/debug/configuration.txt
# The proguard configuration file for the following section is default_proguard_files\global\proguard-android.txt-7.0.4
# This is a configuration file for ProGuard.
# http://proguard.sourceforge.net/index.html#manual/usage.html
#
# Starting with version 2.2 of the Android plugin for Gradle, this file is distributed together with
# the plugin and unpacked at build-time. The files in $ANDROID_HOME are no longer maintained and
# will be ignored by new version of the Android plugin for Gradle.

# Optimization is turned off by default. Dex does not like code run
# through the ProGuard optimize steps (and performs some
# of these optimizations on its own).
# Note that if you want to enable optimization, you cannot just
# include optimization flags in your own project configuration file;
# instead you will need to point to the
# "proguard-android-optimize.txt" file instead of this one from your
# project.properties file.
-dontoptimize

-dontusemixedcaseclassnames
-dontskipnonpubliclibraryclasses
-verbose

# Preserve some attributes that may be required for reflection.
-keepattributes *Annotation*,Signature,InnerClasses,EnclosingMethod

-keep public class com.google.vending.licensing.ILicensingService
-keep public class com.android.vending.licensing.ILicensingService
-keep public class com.google.android.vending.licensing.ILicensingService
-dontnote com.android.vending.licensing.ILicensingService
-dontnote com.google.vending.licensing.ILicensingService
-dontnote com.google.android.vending.licensing.ILicensingService

# For native methods, see http://proguard.sourceforge.net/manual/examples.html#native
-keepclasseswithmembernames,includedescriptorclasses class * {
    native <methods>;
}

# Keep setters in Views so that animations can still work.
-keepclassmembers public class * extends android.view.View {
    void set*(***);
    *** get*();
}

# We want to keep methods in Activity that could be used in the XML attribute onClick.
-keepclassmembers class * extends android.app.Activity {
    public void *(android.view.View);
}

# For enumeration classes, see http://proguard.sourceforge.net/manual/examples.html#enumerations
-keepclassmembers enum * {
    public static **[] values();
    public static ** valueOf(java.lang.String);
}

-keepclassmembers class * implements android.os.Parcelable {
    public static final ** CREATOR;
}

# Preserve annotated Javascript interface methods.
-keepclassmembers class * {
    @android.webkit.JavascriptInterface <methods>;
}

# The support libraries contains references to newer platform versions.
# Don't warn about those in case this app is linking against an older
# platform version. We know about them, and they are safe.
-dontnote android.support.**
-dontnote androidx.**
-dontwarn android.support.**
-dontwarn androidx.**

# This class is deprecated, but remains for backward compatibility.
-dontwarn android.util.FloatMath

# Understand the @Keep support annotation.
-keep class android.support.annotation.Keep
-keep class androidx.annotation.Keep

-keep @android.support.annotation.Keep class * {*;}
-keep @androidx.annotation.Keep class * {*;}

-keepclasseswithmembers class * {
    @android.support.annotation.Keep <methods>;
}

-keepclasseswithmembers class * {
    @androidx.annotation.Keep <methods>;
}

-keepclasseswithmembers class * {
    @android.support.annotation.Keep <fields>;
}

-keepclasseswithmembers class * {
    @androidx.annotation.Keep <fields>;
}

-keepclasseswithmembers class * {
    @android.support.annotation.Keep <init>(...);
}

-keepclasseswithmembers class * {
    @androidx.annotation.Keep <init>(...);
}

# These classes are duplicated between android.jar and org.apache.http.legacy.jar.
-dontnote org.apache.http.**
-dontnote android.net.http.**

# These classes are duplicated between android.jar and core-lambda-stubs.jar.
-dontnote java.lang.invoke.**

# End of content from default_proguard_files\global\proguard-android.txt-7.0.4
# The proguard configuration file for the following section is fix br\app\proguard-rules.pro
# Add project specific ProGuard rules here.
# You can control the set of applied configuration files using the
# proguardFiles setting in build.gradle.
#
# For more details, see
#   http://developer.android.com/guide/developing/tools/proguard.html

# If your project uses WebView with JS, uncomment the following
# and specify the fully qualified class name to the JavaScript interface
# class:
#-keepclassmembers class fqcn.of.javascript.interface.for.webview {
#   public *;
#}

# Uncomment this to preserve the line number information for
# debugging stack traces.
#-keepattributes SourceFile,LineNumberTable

# If you keep the line number information, uncomment this to
# hide the original source file name.
#-renamesourcefileattribute SourceFile
#-dontobfuscate

#-keepclasseswithmembernames class com.nvidia.devtech.*, com.wardrumstudios.utils.*, com.blackrussia.game.*

#-keep public class com.nvidia.devtech.NvEventQueueActivity {
     #         *; }

#-keep public class com.wardrumstudios.utils.* { *; }
# End of content from fix br\app\proguard-rules.pro
# The proguard configuration file for the following section is aapt_proguard_file\debug\aapt_rules.txt
-keep class androidx.core.app.CoreComponentFactory { <init>(); }
-keep class androidx.core.content.FileProvider { <init>(); }
-keep class androidx.multidex.MultiDexApplication { <init>(); }
-keep class com.blackrussia.game.core.GTASA { <init>(); }
-keep class com.blackrussia.launcher.activity.LoaderActivity { <init>(); }
-keep class com.blackrussia.launcher.activity.MainActivity { <init>(); }
-keep class com.blackrussia.launcher.activity.SplashActivity { <init>(); }
-keep class com.blackrussia.launcher.activity.StoryActivity { <init>(); }
-keep class com.google.android.gms.common.api.GoogleApiActivity { <init>(); }
-keep class com.google.firebase.components.ComponentDiscoveryService { <init>(); }
-keep class com.google.firebase.provider.FirebaseInitProvider { <init>(); }
-keep class com.liulishuo.filedownloader.services.FileDownloadService$SeparateProcessService { <init>(); }
-keep class com.liulishuo.filedownloader.services.FileDownloadService$SharedMainProcessService { <init>(); }
-keep class android.widget.Space { <init>(android.content.Context, android.util.AttributeSet); }

-keep class androidx.appcompat.app.AlertController$RecycleListView { <init>(android.content.Context, android.util.AttributeSet); }

-keep class androidx.appcompat.view.menu.ActionMenuItemView { <init>(android.content.Context, android.util.AttributeSet); }

-keep class androidx.appcompat.view.menu.ExpandedMenuView { <init>(android.content.Context, android.util.AttributeSet); }

-keep class androidx.appcompat.view.menu.ListMenuItemView { <init>(android.content.Context, android.util.AttributeSet); }

-keep class androidx.appcompat.widget.ActionBarContainer { <init>(android.content.Context, android.util.AttributeSet); }

-keep class androidx.appcompat.widget.ActionBarContextView { <init>(android.content.Context, android.util.AttributeSet); }

-keep class androidx.appcompat.widget.ActionBarOverlayLayout { <init>(android.content.Context, android.util.AttributeSet); }

-keep class androidx.appcompat.widget.ActionMenuView { <init>(android.content.Context, android.util.AttributeSet); }

-keep class androidx.appcompat.widget.ActivityChooserView$InnerLayout { <init>(android.content.Context, android.util.AttributeSet); }

-keep class androidx.appcompat.widget.AlertDialogLayout { <init>(android.content.Context, android.util.AttributeSet); }

-keep class androidx.appcompat.widget.AppCompatButton { <init>(android.content.Context, android.util.AttributeSet); }

-keep class androidx.appcompat.widget.AppCompatImageView { <init>(android.content.Context, android.util.AttributeSet); }

-keep class androidx.appcompat.widget.AppCompatTextView { <init>(android.content.Context, android.util.AttributeSet); }

-keep class androidx.appcompat.widget.ButtonBarLayout { <init>(android.content.Context, android.util.AttributeSet); }

-keep class androidx.appcompat.widget.ContentFrameLayout { <init>(android.content.Context, android.util.AttributeSet); }

-keep class androidx.appcompat.widget.DialogTitle { <init>(android.content.Context, android.util.AttributeSet); }

-keep class androidx.appcompat.widget.FitWindowsFrameLayout { <init>(android.content.Context, android.util.AttributeSet); }

-keep class androidx.appcompat.widget.FitWindowsLinearLayout { <init>(android.content.Context, android.util.AttributeSet); }

-keep class androidx.appcompat.widget.LinearLayoutCompat { <init>(android.content.Context, android.util.AttributeSet); }

-keep class androidx.appcompat.widget.SearchView$SearchAutoComplete { <init>(android.content.Context, android.util.AttributeSet); }

-keep class androidx.appcompat.widget.SwitchCompat { <init>(android.content.Context, android.util.AttributeSet); }

-keep class androidx.appcompat.widget.Toolbar { <init>(android.content.Context, android.util.AttributeSet); }

-keep class androidx.appcompat.widget.ViewStubCompat { <init>(android.content.Context, android.util.AttributeSet); }

-keep class androidx.constraintlayout.widget.ConstraintLayout { <init>(android.content.Context, android.util.AttributeSet); }

-keep class androidx.coordinatorlayout.widget.CoordinatorLayout { <init>(android.content.Context, android.util.AttributeSet); }

-keep class androidx.core.widget.NestedScrollView { <init>(android.content.Context, android.util.AttributeSet); }

-keep class androidx.preference.UnPressableLinearLayout { <init>(android.content.Context, android.util.AttributeSet); }

-keep class androidx.preference.internal.PreferenceImageView { <init>(android.content.Context, android.util.AttributeSet); }

-keep class androidx.recyclerview.widget.RecyclerView { <init>(android.content.Context, android.util.AttributeSet); }

-keep class androidx.viewpager.widget.ViewPager { <init>(android.content.Context, android.util.AttributeSet); }

-keep class com.akexorcist.roundcornerprogressbar.RoundCornerProgressBar { <init>(android.content.Context, android.util.AttributeSet); }

-keep class com.akexorcist.roundcornerprogressbar.indeterminate.IndeterminateCenteredRoundCornerProgressBar { <init>(android.content.Context, android.util.AttributeSet); }

-keep class com.blackrussia.game.gui.util.CustomRecyclerView { <init>(android.content.Context, android.util.AttributeSet); }

-keep class com.blackrussia.game.gui.util.SeekArc { <init>(android.content.Context, android.util.AttributeSet); }

-keep class com.dinuscxj.progressbar.CircleProgressBar { <init>(android.content.Context, android.util.AttributeSet); }

-keep class com.google.android.material.internal.BaselineLayout { <init>(android.content.Context, android.util.AttributeSet); }

-keep class com.google.android.material.internal.CheckableImageButton { <init>(android.content.Context, android.util.AttributeSet); }

-keep class com.google.android.material.internal.NavigationMenuItemView { <init>(android.content.Context, android.util.AttributeSet); }

-keep class com.google.android.material.internal.NavigationMenuView { <init>(android.content.Context, android.util.AttributeSet); }

-keep class com.google.android.material.snackbar.Snackbar$SnackbarLayout { <init>(android.content.Context, android.util.AttributeSet); }

-keep class com.google.android.material.snackbar.SnackbarContentLayout { <init>(android.content.Context, android.util.AttributeSet); }

-keep class com.google.android.material.tabs.TabLayout { <init>(android.content.Context, android.util.AttributeSet); }

-keep class com.makeramen.roundedimageview.RoundedImageView { <init>(android.content.Context, android.util.AttributeSet); }

-keep class com.nvidia.devtech.CustomEditText { <init>(android.content.Context, android.util.AttributeSet); }

-keep class com.skydoves.colorpickerview.ColorPickerView { <init>(android.content.Context, android.util.AttributeSet); }

-keep class com.skydoves.colorpickerview.sliders.AlphaSlideBar { <init>(android.content.Context, android.util.AttributeSet); }

-keep class com.skydoves.colorpickerview.sliders.BrightnessSlideBar { <init>(android.content.Context, android.util.AttributeSet); }

-keep class com.smarteist.autoimageslider.SliderView { <init>(android.content.Context, android.util.AttributeSet); }

-keep class com.tuyenmonkey.mkloader.MKLoader { <init>(android.content.Context, android.util.AttributeSet); }


# End of content from aapt_proguard_file\debug\aapt_rules.txt
# The proguard configuration file for the following section is transformed\material-1.0.0\proguard.txt
# Copyright (C) 2015 The Android Open Source Project
#
# Licensed under the Apache License, Version 2.0 (the "License");
# you may not use this file except in compliance with the License.
# You may obtain a copy of the License at
#
#      http://www.apache.org/licenses/LICENSE-2.0
#
# Unless required by applicable law or agreed to in writing, software
# distributed under the License is distributed on an "AS IS" BASIS,
# WITHOUT WARRANTIES OR CONDITIONS OF ANY KIND, either express or implied.
# See the License for the specific language governing permissions and
# limitations under the License.

# CoordinatorLayout resolves the behaviors of its child components with reflection.
-keep public class * extends androidx.coordinatorlayout.widget.CoordinatorLayout$Behavior {
    public <init>(android.content.Context, android.util.AttributeSet);
    public <init>();
}

# Make sure we keep annotations for CoordinatorLayout's DefaultBehavior
-keepattributes *Annotation*

# End of content from transformed\material-1.0.0\proguard.txt
# The proguard configuration file for the following section is transformed\preference-1.1.1\proguard.txt
# Copyright (C) 2015 The Android Open Source Project
#
# Licensed under the Apache License, Version 2.0 (the "License");
# you may not use this file except in compliance with the License.
# You may obtain a copy of the License at
#
#      http://www.apache.org/licenses/LICENSE-2.0
#
# Unless required by applicable law or agreed to in writing, software
# distributed under the License is distributed on an "AS IS" BASIS,
# WITHOUT WARRANTIES OR CONDITIONS OF ANY KIND, either express or implied.
# See the License for the specific language governing permissions and
# limitations under the License.

# Preference objects are inflated via reflection
-keep public class androidx.preference.Preference {
    public <init>(android.content.Context, android.util.AttributeSet);
}
-keep public class * extends androidx.preference.Preference {
    public <init>(android.content.Context, android.util.AttributeSet);
}

# End of content from transformed\preference-1.1.1\proguard.txt
# The proguard configuration file for the following section is transformed\appcompat-1.2.0\proguard.txt
# Copyright (C) 2018 The Android Open Source Project
#
# Licensed under the Apache License, Version 2.0 (the "License");
# you may not use this file except in compliance with the License.
# You may obtain a copy of the License at
#
#      http://www.apache.org/licenses/LICENSE-2.0
#
# Unless required by applicable law or agreed to in writing, software
# distributed under the License is distributed on an "AS IS" BASIS,
# WITHOUT WARRANTIES OR CONDITIONS OF ANY KIND, either express or implied.
# See the License for the specific language governing permissions and
# limitations under the License.

# aapt is not able to read app::actionViewClass and app:actionProviderClass to produce proguard
# keep rules. Add a commonly used SearchView to the keep list until b/109831488 is resolved.
-keep class androidx.appcompat.widget.SearchView { <init>(...); }

# Never inline methods, but allow shrinking and obfuscation.
-keepclassmembernames,allowobfuscation,allowshrinking class androidx.appcompat.widget.AppCompatTextViewAutoSizeHelper$Impl* {
  <methods>;
}

# End of content from transformed\appcompat-1.2.0\proguard.txt
# The proguard configuration file for the following section is transformed\jetified-roundedimageview-2.3.0\proguard.txt
# Proguard configuration.
-dontwarn com.squareup.okhttp.**

# References to Picasso are okay if the consuming app doesn't use it
-dontwarn com.squareup.picasso.Transformation

# End of content from transformed\jetified-roundedimageview-2.3.0\proguard.txt
# The proguard configuration file for the following section is transformed\jetified-glide-4.13.0\proguard.txt
-keep public class * implements com.bumptech.glide.module.GlideModule
-keep class * extends com.bumptech.glide.module.AppGlideModule {
 <init>(...);
}
-keep public enum com.bumptech.glide.load.ImageHeaderParser$** {
  **[] $VALUES;
  public *;
}
-keep class com.bumptech.glide.load.data.ParcelFileDescriptorRewinder$InternalRewinder {
  *** rewind();
}

# Uncomment for DexGuard only
#-keepresourcexmlelements manifest/application/meta-data@value=GlideModule

# End of content from transformed\jetified-glide-4.13.0\proguard.txt
# The proguard configuration file for the following section is transformed\jetified-firebase-auth-interop-19.0.2\proguard.txt
# Can be removed once we pull in a dependency on firebase-common that includes
# https://github.com/firebase/firebase-android-sdk/pull/1472/commits/856f1ca1151cdd88679bbc778892f23dfa34fc06#diff-a2ed34b5a38b4c6c686b09e54865eb48
-dontwarn com.google.auto.value.AutoValue
-dontwarn com.google.auto.value.AutoValue$Builder

# End of content from transformed\jetified-firebase-auth-interop-19.0.2\proguard.txt
# The proguard configuration file for the following section is transformed\jetified-firebase-common-20.1.0\proguard.txt
-dontwarn com.google.firebase.platforminfo.KotlinDetector
-dontwarn com.google.auto.value.AutoValue
-dontwarn com.google.auto.value.AutoValue$Builder

# End of content from transformed\jetified-firebase-common-20.1.0\proguard.txt
# The proguard configuration file for the following section is transformed\recyclerview-1.0.0\proguard.txt
# Copyright (C) 2015 The Android Open Source Project
#
# Licensed under the Apache License, Version 2.0 (the "License");
# you may not use this file except in compliance with the License.
# You may obtain a copy of the License at
#
#      http://www.apache.org/licenses/LICENSE-2.0
#
# Unless required by applicable law or agreed to in writing, software
# distributed under the License is distributed on an "AS IS" BASIS,
# WITHOUT WARRANTIES OR CONDITIONS OF ANY KIND, either express or implied.
# See the License for the specific language governing permissions and
# limitations under the License.

# When layoutManager xml attribute is used, RecyclerView inflates
#LayoutManagers' constructors using reflection.
-keep public class * extends androidx.recyclerview.widget.RecyclerView$LayoutManager {
    public <init>(android.content.Context, android.util.AttributeSet, int, int);
    public <init>();
}

# End of content from transformed\recyclerview-1.0.0\proguard.txt
# The proguard configuration file for the following section is transformed\transition-1.0.0\proguard.txt
# Copyright (C) 2017 The Android Open Source Project
#
# Licensed under the Apache License, Version 2.0 (the "License");
# you may not use this file except in compliance with the License.
# You may obtain a copy of the License at
#
#      http://www.apache.org/licenses/LICENSE-2.0
#
# Unless required by applicable law or agreed to in writing, software
# distributed under the License is distributed on an "AS IS" BASIS,
# WITHOUT WARRANTIES OR CONDITIONS OF ANY KIND, either express or implied.
# See the License for the specific language governing permissions and
# limitations under the License.

# Keep a field in transition that is used to keep a reference to weakly-referenced object
-keepclassmembers class androidx.transition.ChangeBounds$* extends android.animation.AnimatorListenerAdapter {
  androidx.transition.ChangeBounds$ViewBounds mViewBounds;
}

# End of content from transformed\transition-1.0.0\proguard.txt