app/build/outputs/mapping/debug/seeds.txt
com.blackrussia.game.gui.util.SeekArc
com.blackrussia.game.core.DialogClientSettingsFPSFragment
com.blackrussia.game.core.DialogClientSettingsWeaponsFragment
com.blackrussia.game.core.DialogClientSettingsCommonFragment
com.blackrussia.game.core.DialogClientSettings
com.blackrussia.game.core.GTASA
com.blackrussia.game.core.DialogClientSettingsColorFragment
com.blackrussia.game.gui.util.CustomRecyclerView
com.blackrussia.game.core.DialogClientSettingsHUDFragment
com.blackrussia.game.core.NotificationDialogFragment
com.blackrussia.game.gui.util.SeekArc: void setStartAngle(int)
com.blackrussia.game.gui.util.SeekArc: void setArcWidth(int)
com.blackrussia.game.gui.util.CustomRecyclerView: void setEnableScrolling(boolean)
com.blackrussia.game.gui.util.SeekArc: SeekArc(android.content.Context,android.util.AttributeSet)
com.blackrussia.game.gui.util.SeekArc: void setProgressColor(int)
com.blackrussia.game.gui.util.SeekArc: int getMax()
com.blackrussia.game.gui.util.SeekArc: void setTouchInSide(boolean)
com.blackrussia.game.gui.util.SeekArc: void setArcRotation(int)
com.blackrussia.game.gui.util.SeekArc: int getProgress()
com.blackrussia.game.gui.util.SeekArc: int getStartAngle()
com.blackrussia.game.gui.util.SeekArc: int getProgressColor()
com.blackrussia.game.gui.util.SeekArc: void setArcColor(int)
com.blackrussia.game.gui.util.SeekArc: void setProgress(int)
com.blackrussia.game.core.DialogClientSettingsFPSFragment: DialogClientSettingsFPSFragment()
com.blackrussia.game.gui.util.SeekArc: void setRoundedEdges(boolean)
com.blackrussia.game.core.GTASA: GTASA()
com.blackrussia.game.core.NotificationDialogFragment: NotificationDialogFragment()
com.blackrussia.game.gui.util.SeekArc: int getArcColor()
com.blackrussia.game.gui.util.SeekArc: void setSweepAngle(int)
com.blackrussia.game.gui.util.SeekArc: int getArcWidth()
com.blackrussia.game.gui.util.CustomRecyclerView: CustomRecyclerView(android.content.Context,android.util.AttributeSet)
com.blackrussia.game.core.DialogClientSettings: DialogClientSettings()
com.blackrussia.game.core.DialogClientSettingsCommonFragment: DialogClientSettingsCommonFragment()
com.blackrussia.game.core.DialogClientSettingsHUDFragment: DialogClientSettingsHUDFragment()
com.blackrussia.game.gui.util.SeekArc: int getSweepAngle()
com.blackrussia.game.core.DialogClientSettingsWeaponsFragment: DialogClientSettingsWeaponsFragment()
com.blackrussia.game.gui.util.SeekArc: void setMax(int)
com.blackrussia.game.gui.util.SeekArc: int getProgressWidth()
com.blackrussia.game.gui.util.SeekArc: void setProgressWidth(int)
com.blackrussia.game.gui.util.SeekArc: void setClockwise(boolean)
com.blackrussia.game.gui.util.SeekArc: void setOnSeekArcChangeListener(com.blackrussia.game.gui.util.SeekArc$OnSeekArcChangeListener)
com.blackrussia.game.gui.util.CustomRecyclerView: int getScrollForRecycler()
com.blackrussia.game.core.DialogClientSettingsColorFragment: DialogClientSettingsColorFragment()
com.blackrussia.game.gui.util.SeekArc: int getArcRotation()
com.blackrussia.game.gui.util.SeekArc: void setEnabled(boolean)
...
androidx.appcompat.widget.Toolbar: void setNavigationOnClickListener(android.view.View$OnClickListener)
androidx.appcompat.widget.SearchView$SearchAutoComplete: SearchView$SearchAutoComplete(android.content.Context,android.util.AttributeSet)
androidx.vectordrawable.graphics.drawable.VectorDrawableCompat$VFullPath: float getFillAlpha()
androidx.core.view.WindowInsetsCompat$Impl20: boolean isRound()
com.google.android.gms.common.api.internal.zzd: zzd()
androidx.appcompat.widget.Toolbar: int getContentInsetEndWithActions()
androidx.core.graphics.drawable.IconCompatParcelizer: androidx.core.graphics.drawable.IconCompat read(androidx.versionedparcelable.VersionedParcel)
com.akexorcist.roundcornerprogressbar.common.BaseRoundCornerProgressBar: void setProgressBackgroundColor(int)
com.google.android.gms.common.internal.safeparcel.AbstractSafeParcelable: AbstractSafeParcelable()
androidx.vectordrawable.graphics.drawable.VectorDrawableCompat$VPathRenderer: float getAlpha()
com.dinuscxj.progressbar.CircleProgressBar: void setLineWidth(float)
com.google.android.material.button.MaterialButton: void setIconTintResource(int)
androidx.appcompat.widget.AppCompatTextView: void setAutoSizeTextTypeWithDefaults(int)
androidx.appcompat.widget.ActionBarOverlayLayout: void setWindowTitle(java.lang.CharSequence)
com.google.android.gms.common.api.PendingResult: PendingResult()
androidx.appcompat.widget.LinearLayoutCompat: int getGravity()
androidx.appcompat.widget.SwitchCompat: void setSplitTrack(boolean)
com.liulishuo.filedownloader.event.DownloadServiceConnectChangedEvent$ConnectStatus: com.liulishuo.filedownloader.event.DownloadServiceConnectChangedEvent$ConnectStatus valueOf(java.lang.String)
com.akexorcist.roundcornerprogressbar.common.BaseRoundCornerProgressBar: int getRadius()
androidx.appcompat.widget.ViewStubCompat: android.view.LayoutInflater getLayoutInflater()
com.akexorcist.roundcornerprogressbar.common.BaseRoundCornerProgressBar: void setup(android.content.Context,android.util.AttributeSet)
com.google.android.material.tabs.TabLayout: void setupWithViewPager(androidx.viewpager.widget.ViewPager)
com.makeramen.roundedimageview.RoundedImageView: void setScaleType(android.widget.ImageView$ScaleType)
com.google.android.material.button.MaterialButton: int getCornerRadius()
com.smarteist.autoimageslider.SliderView: void setIndicatorEnabled(boolean)
com.akexorcist.roundcornerprogressbar.common.BaseRoundCornerProgressBar: void setPadding(int)
androidx.recyclerview.widget.RecyclerView: androidx.recyclerview.widget.RecyclerView$OnFlingListener getOnFlingListener()
androidx.viewpager.widget.ViewPager: int getCurrentItem()
com.google.firebase.components.ComponentDiscoveryService: ComponentDiscoveryService()
androidx.preference.DialogPreference: DialogPreference(android.content.Context,android.util.AttributeSet)
com.google.android.material.snackbar.SnackbarContentLayout: android.widget.TextView getMessageView()
androidx.constraintlayout.widget.VirtualLayout: void setVisibility(int)
com.bumptech.glide.load.DecodeFormat: com.bumptech.glide.load.DecodeFormat[] values()
androidx.appcompat.widget.SearchView: void setOnSearchClickListener(android.view.View$OnClickListener)
com.blackrussia.launcher.activity.LoaderActivity: LoaderActivity()
com.smarteist.autoimageslider.SliderPager: void setOnPageChangeListener(com.smarteist.autoimageslider.SliderPager$OnPageChangeListener)
androidx.constraintlayout.widget.ConstraintLayout: int getMaxHeight()
com.google.android.material.tabs.TabLayout: void setUnboundedRipple(boolean)
androidx.vectordrawable.graphics.drawable.VectorDrawableCompat$VPath: void setPathData(androidx.core.graphics.PathParser$PathDataNode[])
com.smarteist.autoimageslider.SliderView: void setAutoCycleDirection(int)
com.makeramen.roundedimageview.RoundedImageView: void setBorderWidth(int)
androidx.appcompat.widget.AppCompatAutoCompleteTextView: void setSupportBackgroundTintList(android.content.res.ColorStateList)