app/build/outputs/mapping/debug/mapping.txt
# compiler: R8
# compiler_version: 3.0.76
# min_api: 17
# pg_map_id: ca3e343
# common_typos_disable
com.blackrussia.game.R$styleable -> v0.a:
    int[] SeekArc -> a
com.blackrussia.game.core.DialogClientSettings -> w0.a:
    com.google.android.material.tabs.TabLayout tabLayout -> p0
    androidx.viewpager.widget.ViewPager viewPager -> q0
    com.nvidia.devtech.NvEventQueueActivity mContext -> r0
    18:31:void <init>() -> <init>
    38:77:android.view.View onCreateView(android.view.LayoutInflater,android.view.ViewGroup,android.os.Bundle) -> p0
com.blackrussia.game.core.DialogClientSettings$1 -> w0.a$a:
    com.blackrussia.game.core.DialogClientSettings this$0 -> b
    55:55:void <init>(com.blackrussia.game.core.DialogClientSettings) -> <init>
    58:60:void onClick(android.view.View) -> onClick
com.blackrussia.game.core.DialogClientSettings$2 -> w0.a$b:
    com.blackrussia.game.core.DialogClientSettingsAdapter val$adapter -> b
    com.blackrussia.game.core.DialogClientSettings this$0 -> c
    63:63:void <init>(com.blackrussia.game.core.DialogClientSettings,com.blackrussia.game.core.DialogClientSettingsAdapter) -> <init>
    66:72:void onClick(android.view.View) -> onClick
com.blackrussia.game.core.DialogClientSettingsAdapter -> w0.b:
    java.util.List mTitleCollection -> i
    java.util.List mFragmentCollection -> h
    12:17:void <init>(androidx.fragment.app.FragmentManager,int) -> <init>
    35:35:int getCount() -> e
    27:27:java.lang.CharSequence getPageTitle(int) -> g
    31:31:androidx.fragment.app.Fragment getItem(int) -> v
    21:23:void addFragment(java.lang.String,androidx.fragment.app.Fragment) -> y
com.blackrussia.game.core.DialogClientSettingsColorFragment -> w0.c:
    androidx.appcompat.widget.AppCompatButton mButtonArmorColor -> a0
    androidx.appcompat.widget.AppCompatButton mButtonMoneyColor -> b0
    androidx.appcompat.widget.AppCompatButton mButtonWantedColor -> c0
    androidx.appcompat.widget.AppCompatButton mButtonHPColor -> Z
    androidx.appcompat.widget.AppCompatButton mButtonHpTextColor -> d0
    androidx.appcompat.widget.AppCompatButton mButtonArmorTextColor -> e0
    androidx.appcompat.widget.AppCompatButton mButtonRadarColor -> f0
    androidx.appcompat.widget.AppCompatButton mButtonAmmoColor -> g0
    com.nvidia.devtech.NvEventQueueActivity mContext -> h0
    20:31:void <init>() -> <init>
    20:20:com.nvidia.devtech.NvEventQueueActivity access$000(com.blackrussia.game.core.DialogClientSettingsColorFragment) -> G1
    35:36:com.blackrussia.game.core.DialogClientSettingsColorFragment createInstance(java.lang.String) -> H1
    380:404:void getValues() -> b
    43:370:android.view.View onCreateView(android.view.LayoutInflater,android.view.ViewGroup,android.os.Bundle) -> p0
com.blackrussia.game.core.DialogClientSettingsColorFragment$1 -> w0.c$a:
    com.blackrussia.game.core.DialogClientSettingsColorFragment this$0 -> b
    58:58:void <init>(com.blackrussia.game.core.DialogClientSettingsColorFragment) -> <init>
    62:94:void onClick(android.view.View) -> onClick
com.blackrussia.game.core.DialogClientSettingsColorFragment$1$1 -> w0.c$a$a:
    74:74:void <init>(com.blackrussia.game.core.DialogClientSettingsColorFragment$1) -> <init>
    77:78:void onClick(android.content.DialogInterface,int) -> onClick
com.blackrussia.game.core.DialogClientSettingsColorFragment$1$2 -> w0.c$a$b:
    com.blackrussia.game.core.DialogClientSettingsColorFragment$1 this$1 -> a
    65:65:void <init>(com.blackrussia.game.core.DialogClientSettingsColorFragment$1) -> <init>
    68:71:void onColorSelected(com.skydoves.colorpickerview.ColorEnvelope,boolean) -> a
com.blackrussia.game.core.DialogClientSettingsColorFragment$2 -> w0.c$b:
    com.blackrussia.game.core.DialogClientSettingsColorFragment this$0 -> b
    97:97:void <init>(com.blackrussia.game.core.DialogClientSettingsColorFragment) -> <init>
    101:133:void onClick(android.view.View) -> onClick
...
com.bumptech.glide.load.model.MultiModelLoaderFactory$Entry -> p1.r$b:
    java.lang.Class dataClass -> b
    com.bumptech.glide.load.model.ModelLoaderFactory factory -> c
    java.lang.Class modelClass -> a
    195:199:void <init>(java.lang.Class,java.lang.Class,com.bumptech.glide.load.model.ModelLoaderFactory) -> <init>
    206:206:boolean handles(java.lang.Class) -> a
    202:202:boolean handles(java.lang.Class,java.lang.Class) -> b
com.bumptech.glide.load.model.MultiModelLoaderFactory$Factory -> p1.r$c:
    210:210:void <init>() -> <init>
    215:215:com.bumptech.glide.load.model.MultiModelLoader build(java.util.List,androidx.core.util.Pools$Pool) -> a
com.bumptech.glide.load.model.ResourceLoader -> p1.s:
    com.bumptech.glide.load.model.ModelLoader uriLoader -> a
    android.content.res.Resources resources -> b
    27:30:void <init>(android.content.res.Resources,com.bumptech.glide.load.model.ModelLoader) -> <init>
    20:20:boolean handles(java.lang.Object) -> a
    20:20:com.bumptech.glide.load.model.ModelLoader$LoadData buildLoadData(java.lang.Object,int,int,com.bumptech.glide.load.Options) -> b
    35:36:com.bumptech.glide.load.model.ModelLoader$LoadData buildLoadData(java.lang.Integer,int,int,com.bumptech.glide.load.Options) -> c
    42:54:android.net.Uri getResourceUri(java.lang.Integer) -> d
    61:61:boolean handles(java.lang.Integer) -> e
com.bumptech.glide.load.model.ResourceLoader$AssetFileDescriptorFactory -> p1.s$a:
    android.content.res.Resources resources -> a
    114:116:void <init>(android.content.res.Resources) -> <init>
    120:121:com.bumptech.glide.load.model.ModelLoader build(com.bumptech.glide.load.model.MultiModelLoaderFactory) -> a
com.bumptech.glide.load.model.ResourceLoader$FileDescriptorFactory -> p1.s$b:
    android.content.res.Resources resources -> a
    91:93:void <init>(android.content.res.Resources) -> <init>
    98:99:com.bumptech.glide.load.model.ModelLoader build(com.bumptech.glide.load.model.MultiModelLoaderFactory) -> a
com.bumptech.glide.load.model.ResourceLoader$StreamFactory -> p1.s$c:
    android.content.res.Resources resources -> a
    69:71:void <init>(android.content.res.Resources) -> <init>
    76:76:com.bumptech.glide.load.model.ModelLoader build(com.bumptech.glide.load.model.MultiModelLoaderFactory) -> a
com.bumptech.glide.load.model.ResourceLoader$UriFactory -> p1.s$d:
    android.content.res.Resources resources -> a
    135:137:void <init>(android.content.res.Resources) -> <init>
    142:142:com.bumptech.glide.load.model.ModelLoader build(com.bumptech.glide.load.model.MultiModelLoaderFactory) -> a
com.bumptech.glide.load.model.StreamEncoder -> p1.t:
    com.bumptech.glide.load.engine.bitmap_recycle.ArrayPool byteArrayPool -> a
    21:23:void <init>(com.bumptech.glide.load.engine.bitmap_recycle.ArrayPool) -> <init>
    17:17:boolean encode(java.lang.Object,java.io.File,com.bumptech.glide.load.Options) -> b
    27:52:boolean encode(java.io.InputStream,java.io.File,com.bumptech.glide.load.Options) -> c
com.bumptech.glide.load.model.StringLoader -> p1.u:
    com.bumptech.glide.load.model.ModelLoader uriLoader -> a
    24:26:void <init>(com.bumptech.glide.load.model.ModelLoader) -> <init>
    19:19:boolean handles(java.lang.Object) -> a
    19:19:com.bumptech.glide.load.model.ModelLoader$LoadData buildLoadData(java.lang.Object,int,int,com.bumptech.glide.load.Options) -> b
    31:35:com.bumptech.glide.load.model.ModelLoader$LoadData buildLoadData(java.lang.String,int,int,com.bumptech.glide.load.Options) -> c
    42:42:boolean handles(java.lang.String) -> d
    48:60:android.net.Uri parseUri(java.lang.String) -> e
    64:64:android.net.Uri toFileUri(java.lang.String) -> f
com.bumptech.glide.load.model.StringLoader$AssetFileDescriptorFactory -> p1.u$a:
    100:100:void <init>() -> <init>
    106:106:com.bumptech.glide.load.model.ModelLoader build(com.bumptech.glide.load.model.MultiModelLoaderFactory) -> a