app/build/outputs/mapping/debug/usage.txt
com.blackrussia.game.BuildConfig
com.blackrussia.game.GTASA
com.blackrussia.game.R$anim
com.blackrussia.game.R$animator
com.blackrussia.game.R$array
com.blackrussia.game.R$attr
com.blackrussia.game.R$bool
com.blackrussia.game.R$color
com.blackrussia.game.R$dimen
com.blackrussia.game.R$drawable
com.blackrussia.game.R$font
com.blackrussia.game.R$id
com.blackrussia.game.R$integer
com.blackrussia.game.R$interpolator
com.blackrussia.game.R$layout
com.blackrussia.game.R$string
com.blackrussia.game.R$style
com.blackrussia.game.R$styleable:
    public static final int ActionBarLayout_android_layout_gravity
    public static final int ActionBar_background
    public static final int ActionBar_backgroundSplit
    public static final int ActionBar_backgroundStacked
    public static final int ActionBar_contentInsetEnd
    public static final int ActionBar_contentInsetEndWithActions
    public static final int ActionBar_contentInsetLeft
    public static final int ActionBar_contentInsetRight
    public static final int ActionBar_contentInsetStart
    public static final int ActionBar_contentInsetStartWithNavigation
    public static final int ActionBar_customNavigationLayout
    public static final int ActionBar_displayOptions
    public static final int ActionBar_divider
    public static final int ActionBar_elevation
    public static final int ActionBar_height
    public static final int ActionBar_hideOnContentScroll
    public static final int ActionBar_homeAsUpIndicator
    public static final int ActionBar_homeLayout
    public static final int ActionBar_icon
    public static final int ActionBar_indeterminateProgressStyle
    public static final int ActionBar_itemPadding
    public static final int ActionBar_logo
    public static final int ActionBar_navigationMode
    public static final int ActionBar_popupTheme
    public static final int ActionBar_progressBarPadding
    public static final int ActionBar_progressBarStyle
    public static final int ActionBar_subtitle
com.blackrussia.game.R$xml
com.blackrussia.game.R
com.blackrussia.game.core.Config
com.blackrussia.game.core.DialogClientSettings:
    static final int mSettingsComonEnd
    static final int mSettingsComonStart
    static final int mSettingsHudCount
    static final int mSettingsHudFPSEnd
    static final int mSettingsHudFPSStart
    static final int mSettingsWeaponsEnd
    static final int mSettingsWeaponsStart
com.blackrussia.game.core.DialogClientSettingsColorFragment:
    public void save()
com.blackrussia.game.core.DialogClientSettingsCommonFragment:
    private java.util.HashMap mOldDrawables
    public void save()
com.blackrussia.game.core.DialogClientSettingsFPSFragment:
    public void save()
com.blackrussia.game.core.DialogClientSettingsHUDFragment:
    public void save()
com.blackrussia.game.core.DialogClientSettingsOld$1
com.blackrussia.game.core.DialogClientSettingsOld
com.blackrussia.game.core.DialogClientSettingsWeaponsFragment:
    public void save()
com.blackrussia.game.core.GTASA:
    public void AfterDownloadFunction()
    public void EnterSocialClub()
    public void ExitSocialClub()
    public boolean ServiceAppCommand(java.lang.String,java.lang.String)
    public int ServiceAppCommandValue(java.lang.String,java.lang.String)
    public native void main()
    public native void setCurrentScreenSize(int,int)
    public static void staticEnterSocialClub()
    public static void staticExitSocialClub()
com.blackrussia.game.core.ISaveableFragment:
    public abstract void save()
com.blackrussia.game.core.Utils
com.blackrussia.game.gui.ChooseServer$1
com.blackrussia.game.gui.ChooseServer$2
com.blackrussia.game.gui.ChooseServer$3
...
com.bumptech.glide.request.ExperimentalRequestListener:
    public abstract boolean onResourceReady(java.lang.Object,java.lang.Object,com.bumptech.glide.request.target.Target,com.bumptech.glide.load.DataSource,boolean,boolean)
com.bumptech.glide.request.FutureTarget
com.bumptech.glide.request.RequestFutureTarget$Waiter
com.bumptech.glide.request.RequestFutureTarget
com.bumptech.glide.request.RequestOptions:
    private static com.bumptech.glide.request.RequestOptions centerCropOptions
    private static com.bumptech.glide.request.RequestOptions centerInsideOptions
    private static com.bumptech.glide.request.RequestOptions circleCropOptions
    private static com.bumptech.glide.request.RequestOptions fitCenterOptions
    private static com.bumptech.glide.request.RequestOptions noAnimationOptions
    private static com.bumptech.glide.request.RequestOptions noTransformOptions
    private static com.bumptech.glide.request.RequestOptions skipMemoryCacheFalseOptions
    private static com.bumptech.glide.request.RequestOptions skipMemoryCacheTrueOptions
    public static com.bumptech.glide.request.RequestOptions bitmapTransform(com.bumptech.glide.load.Transformation)
    public static com.bumptech.glide.request.RequestOptions centerCropTransform()
    public static com.bumptech.glide.request.RequestOptions centerInsideTransform()
    public static com.bumptech.glide.request.RequestOptions circleCropTransform()
    public static com.bumptech.glide.request.RequestOptions downsampleOf(com.bumptech.glide.load.resource.bitmap.DownsampleStrategy)
    public static com.bumptech.glide.request.RequestOptions encodeFormatOf(android.graphics.Bitmap$CompressFormat)
    public static com.bumptech.glide.request.RequestOptions encodeQualityOf(int)
    public static com.bumptech.glide.request.RequestOptions errorOf(int)
com.bumptech.glide.request.SingleRequest:
    private static final java.lang.String GLIDE_TAG
    private static final java.lang.String TAG
com.bumptech.glide.request.target.AppWidgetTarget
com.bumptech.glide.request.target.BaseTarget:
    private com.bumptech.glide.request.Request request
    public com.bumptech.glide.request.Request getRequest()
    public void setRequest(com.bumptech.glide.request.Request)
com.bumptech.glide.request.target.BitmapImageViewTarget:
    public void <init>(android.widget.ImageView,boolean)
com.bumptech.glide.request.target.BitmapThumbnailImageViewTarget
com.bumptech.glide.request.target.CustomViewTarget$1
com.bumptech.glide.request.target.CustomViewTarget$SizeDeterminer$SizeDeterminerLayoutListener
com.bumptech.glide.request.target.CustomViewTarget$SizeDeterminer
com.bumptech.glide.request.target.CustomViewTarget
com.bumptech.glide.request.target.DrawableImageViewTarget:
    public void <init>(android.widget.ImageView,boolean)
com.bumptech.glide.request.target.DrawableThumbnailImageViewTarget
com.bumptech.glide.request.target.FixedSizeDrawable$State
com.bumptech.glide.request.target.FixedSizeDrawable
com.bumptech.glide.request.target.ImageViewTarget:
    public void <init>(android.widget.ImageView,boolean)
    public android.graphics.drawable.Drawable getCurrentDrawable()
com.bumptech.glide.request.target.NotificationTarget
com.bumptech.glide.request.target.PreloadTarget$1
com.bumptech.glide.request.target.PreloadTarget
com.bumptech.glide.request.target.SimpleTarget
com.bumptech.glide.request.target.Target:
    public static final int SIZE_ORIGINAL
com.bumptech.glide.request.target.ThumbnailImageViewTarget
com.bumptech.glide.request.target.ViewTarget$1
com.bumptech.glide.request.target.ViewTarget$SizeDeterminer:
    private static final int PENDING_SIZE